<dataStore>
  <name>test</name>
  <connectionParameters>
    <host>postgis</host>
    <port>5432</port>
    <database>postgres</database>
    <user>docker</user>
    <passwd>docker</passwd>
    <dbtype>postgis</dbtype>
  </connectionParameters>
</dataStore>
