<dataStore>
  <name>test</name>
  <connectionParameters>
    <host>postgis</host>
    <port>5432</port>
    <database>testdb</database>
    <user>postgres</user>
    <passwd>postgres</passwd>
    <dbtype>postgis</dbtype>
  </connectionParameters>
</dataStore>
